{
  "stats": {
    "suites": 1,
    "tests": 5,
    "passes": 5,
    "pending": 0,
    "failures": 0,
    "start": "2024-03-14T08:09:00.302Z",
    "end": "2024-03-14T08:09:16.871Z",
    "duration": 16569,
    "testsRegistered": 5,
    "passPercent": 100,
    "pendingPercent": 0,
    "other": 0,
    "hasOther": false,
    "skipped": 0,
    "hasSkipped": false
  },
  "results": [
    {
      "uuid": "98b8e669-1876-43b8-a030-d4a5d1b54e22",
      "title": "",
      "fullFile": "C:\\Users\\HANIA BATOOL\\project1auto\\test\\test-todo.js",
      "file": "\\test\\test-todo.js",
      "beforeHooks": [],
      "afterHooks": [],
      "tests": [],
      "suites": [
        {
          "uuid": "6c23c939-cccb-470b-948e-1eaf75f8d953",
          "title": "To - do List Automation",
          "fullFile": "C:\\Users\\HANIA BATOOL\\project1auto\\test\\test-todo.js",
          "file": "\\test\\test-todo.js",
          "beforeHooks": [
            {
              "title": "\"before all\" hook in \"To - do List Automation\"",
              "fullTitle": "To - do List Automation \"before all\" hook in \"To - do List Automation\"",
              "timedOut": false,
              "duration": 5782,
              "state": null,
              "speed": null,
              "pass": false,
              "fail": false,
              "pending": false,
              "context": null,
              "code": "driver = await new Builder().forBrowser('chrome').build();",
              "err": {},
              "uuid": "8b146f35-f669-4908-a3d7-57602249e229",
              "parentUUID": "6c23c939-cccb-470b-948e-1eaf75f8d953",
              "isHook": true,
              "skipped": false
            }
          ],
          "afterHooks": [
            {
              "title": "\"after all\" hook in \"To - do List Automation\"",
              "fullTitle": "To - do List Automation \"after all\" hook in \"To - do List Automation\"",
              "timedOut": false,
              "duration": 509,
              "state": null,
              "speed": null,
              "pass": false,
              "fail": false,
              "pending": false,
              "context": null,
              "code": "await driver.quit();",
              "err": {},
              "uuid": "d18c7801-8aed-4345-a1ec-b1228ae269b6",
              "parentUUID": "6c23c939-cccb-470b-948e-1eaf75f8d953",
              "isHook": true,
              "skipped": false
            }
          ],
          "tests": [
            {
              "title": "SHOULD LOGIN",
              "fullTitle": "To - do List Automation SHOULD LOGIN",
              "timedOut": false,
              "duration": 7352,
              "state": "passed",
              "speed": "slow",
              "pass": true,
              "fail": false,
              "pending": false,
              "context": null,
              "code": "await driver.get('https://ahmed-todo.netlify.app/login.html');\nawait driver.findElement(By.css('#loginEmail')).sendKeys('ahmed829b@gmail.com');\nawait driver.findElement(By.css('#loginPassword')).sendKeys('Mahmed3222');\nawait driver.findElement(By.css('#loginBtn')).click();\nawait driver.wait(until.urlIs('https://ahmed-todo.netlify.app/index.html'), 20000);",
              "err": {},
              "uuid": "51671d3d-995e-402a-a79b-bebcea3c4b83",
              "parentUUID": "6c23c939-cccb-470b-948e-1eaf75f8d953",
              "isHook": false,
              "skipped": false
            },
            {
              "title": "SHOULD ADD A TASK",
              "fullTitle": "To - do List Automation SHOULD ADD A TASK",
              "timedOut": false,
              "duration": 459,
              "state": "passed",
              "speed": "slow",
              "pass": true,
              "fail": false,
              "pending": false,
              "context": null,
              "code": "await driver.findElement(By.css('#new-task')).sendKeys('GO TO SCHOOL');\nawait driver.findElement(By.css('#addBtn')).click();",
              "err": {},
              "uuid": "bb6714d2-f8d8-4bb4-b77a-e28d4ced00f4",
              "parentUUID": "6c23c939-cccb-470b-948e-1eaf75f8d953",
              "isHook": false,
              "skipped": false
            },
            {
              "title": "SHOULD CLICK ON A TASK AND MARK IT AS COMPLETE",
              "fullTitle": "To - do List Automation SHOULD CLICK ON A TASK AND MARK IT AS COMPLETE",
              "timedOut": false,
              "duration": 1656,
              "state": "passed",
              "speed": "slow",
              "pass": true,
              "fail": false,
              "pending": false,
              "context": null,
              "code": "await driver.wait(until.elementsLocated(By.css('.task-text')), 10000);\nconst taskElements = await driver.findElements(By.css('.task-text'));\nif (taskElements.length > 0) {\n  const firstTaskElement = taskElements[0];\n  await firstTaskElement.click();\n} else {\n  throw new Error('No tasks found');\n}",
              "err": {},
              "uuid": "fec22999-13a0-41bf-bac0-573aa2003177",
              "parentUUID": "6c23c939-cccb-470b-948e-1eaf75f8d953",
              "isHook": false,
              "skipped": false
            },
            {
              "title": "SHOULD DELETE A TASK",
              "fullTitle": "To - do List Automation SHOULD DELETE A TASK",
              "timedOut": false,
              "duration": 285,
              "state": "passed",
              "speed": "slow",
              "pass": true,
              "fail": false,
              "pending": false,
              "context": null,
              "code": "await driver.wait(until.elementsLocated(By.css('.task-text')), 10000);\nconst deleteButton = await driver.findElement(By.css('#delbutton'));\nawait deleteButton.click();",
              "err": {},
              "uuid": "0b59cfe3-8db1-4ed8-a77e-30592b2ef2e2",
              "parentUUID": "6c23c939-cccb-470b-948e-1eaf75f8d953",
              "isHook": false,
              "skipped": false
            },
            {
              "title": "SHOULD LOGOUT",
              "fullTitle": "To - do List Automation SHOULD LOGOUT",
              "timedOut": false,
              "duration": 491,
              "state": "passed",
              "speed": "slow",
              "pass": true,
              "fail": false,
              "pending": false,
              "context": null,
              "code": "await driver.findElement(By.css('#logout-btn')).click();",
              "err": {},
              "uuid": "8cf603b3-19b9-4c96-8302-bc27d2a7613b",
              "parentUUID": "6c23c939-cccb-470b-948e-1eaf75f8d953",
              "isHook": false,
              "skipped": false
            }
          ],
          "suites": [],
          "passes": [
            "51671d3d-995e-402a-a79b-bebcea3c4b83",
            "bb6714d2-f8d8-4bb4-b77a-e28d4ced00f4",
            "fec22999-13a0-41bf-bac0-573aa2003177",
            "0b59cfe3-8db1-4ed8-a77e-30592b2ef2e2",
            "8cf603b3-19b9-4c96-8302-bc27d2a7613b"
          ],
          "failures": [],
          "pending": [],
          "skipped": [],
          "duration": 10243,
          "root": false,
          "rootEmpty": false,
          "_timeout": 10000
        }
      ],
      "passes": [],
      "failures": [],
      "pending": [],
      "skipped": [],
      "duration": 0,
      "root": true,
      "rootEmpty": true,
      "_timeout": 10000
    }
  ],
  "meta": {
    "mocha": {
      "version": "10.3.0"
    },
    "mochawesome": {
      "options": {
        "quiet": false,
        "reportFilename": "mochawesome",
        "saveHtml": true,
        "saveJson": true,
        "consoleReporter": "spec",
        "useInlineDiffs": false,
        "code": true
      },
      "version": "7.1.3"
    },
    "marge": {
      "options": null,
      "version": "6.2.0"
    }
  }
}